[2020-02-27 10:42:38,246] [main] [INFO ] App - Arrancando [Aplicación de Formación]
[2020-02-27 10:42:38,257] [main] [DEBUG] RemoteSender - Lista de commandos [PUT|1|1|438|Pantalones|1|1|500*2|3|85|Pantalones|2|5|500, PUT|2|3|85|Pantalones|2|5|500, PUT|6|4|48|Camiseta|3|3|500*7|3|56|Camisa|2|5|500*2|3|85|Camiseta|2|5|500, PUT|5|2|438|Camiseta|4|2|500]
[2020-02-27 10:42:38,259] [main] [INFO ] RemoteSender - Se envía comando [PUT|1|1|438|Pantalones|1|1|500*2|3|85|Pantalones|2|5|500]
[2020-02-27 10:43:50,092] [main] [INFO ] App - Arrancando [Aplicación de Formación]
[2020-02-27 10:43:50,099] [main] [DEBUG] RemoteSender - Lista de commandos [PUT|1|1|438|Pantalones|1|1|500*2|3|85|Pantalones|2|5|500, PUT|2|3|85|Pantalones|2|5|500, PUT|6|4|48|Camiseta|3|3|500*7|3|56|Camisa|2|5|500*2|3|85|Camiseta|2|5|500, PUT|5|2|438|Camiseta|4|2|500]
[2020-02-27 10:43:50,100] [main] [INFO ] RemoteSender - Se envía comando [PUT|1|1|438|Pantalones|1|1|500*2|3|85|Pantalones|2|5|500]
[2020-02-27 10:43:59,955] [main] [INFO ] App - Arrancando [Aplicación de Formación]
[2020-02-27 10:43:59,960] [main] [DEBUG] RemoteSender - Lista de commandos [PUT|1|1|438|Pantalones|1|1|500*2|3|85|Pantalones|2|5|500, PUT|2|3|85|Pantalones|2|5|500, PUT|6|4|48|Camiseta|3|3|500*7|3|56|Camisa|2|5|500*2|3|85|Camiseta|2|5|500, PUT|5|2|438|Camiseta|4|2|500]
[2020-02-27 10:43:59,961] [main] [INFO ] RemoteSender - Se envía comando [PUT|1|1|438|Pantalones|1|1|500*2|3|85|Pantalones|2|5|500]
[2020-02-27 10:44:48,406] [main] [INFO ] App - Arrancando [Aplicación de Formación]
[2020-02-27 10:44:48,409] [main] [DEBUG] RemoteSender - Lista de commandos [PUT|1|1|438|Pantalones|1|1|500*2|3|85|Pantalones|2|5|500, PUT|2|3|85|Pantalones|2|5|500, PUT|6|4|48|Camiseta|3|3|500*7|3|56|Camisa|2|5|500*2|3|85|Camiseta|2|5|500, PUT|5|2|438|Camiseta|4|2|500]
[2020-02-27 10:44:48,409] [main] [INFO ] RemoteSender - Se envía comando [PUT|1|1|438|Pantalones|1|1|500*2|3|85|Pantalones|2|5|500]
[2020-02-27 11:48:04,179] [main] [INFO ] App - Arrancando [Aplicación de Formación]
[2020-02-27 11:48:04,181] [main] [DEBUG] RemoteSender - Lista de commandos [PUT|1|1|438|Pantalones|1|1|500*2|3|85|Pantalones|2|5|500, PUT|2|3|85|Pantalones|2|5|500, PUT|6|4|48|Camiseta|3|3|500*7|3|56|Camisa|2|5|500*2|3|85|Camiseta|2|5|500, PUT|5|2|438|Camiseta|4|2|500]
[2020-02-27 11:48:04,182] [main] [INFO ] RemoteSender - Se envía comando [PUT|1|1|438|Pantalones|1|1|500*2|3|85|Pantalones|2|5|500]
[2020-02-27 11:48:31,462] [main] [DEBUG] RemoteSender - Articulo con id: 438, creado correctamente
[2020-02-27 11:48:35,569] [main] [ERROR] RemoteSender - Se ha producido un error al procesar la operacion PUT de articulo con id: [85]. Error => null
[2020-02-27 11:48:36,285] [main] [INFO ] RemoteSender - Se envía comando [PUT|2|3|85|Pantalones|2|5|500]
[2020-02-27 11:48:37,779] [main] [ERROR] RemoteSender - Se ha producido un error al procesar la operacion PUT de articulo con id: [85]. Error => null
[2020-02-27 11:48:38,367] [main] [INFO ] RemoteSender - Se envía comando [PUT|6|4|48|Camiseta|3|3|500*7|3|56|Camisa|2|5|500*2|3|85|Camiseta|2|5|500]
[2020-02-27 11:48:40,029] [main] [ERROR] RemoteSender - Se ha producido un error al procesar la operacion PUT de articulo con id: [48]. Error => null
[2020-02-27 11:48:41,102] [main] [ERROR] RemoteSender - Se ha producido un error al procesar la operacion PUT de articulo con id: [56]. Error => null
[2020-02-27 11:48:42,268] [main] [ERROR] RemoteSender - Se ha producido un error al procesar la operacion PUT de articulo con id: [85]. Error => null
[2020-02-27 11:48:42,892] [main] [INFO ] RemoteSender - Se envía comando [PUT|5|2|438|Camiseta|4|2|500]
[2020-02-27 11:48:44,440] [main] [ERROR] RemoteSender - Se ha producido un error al procesar la operacion PUT de articulo con id: [438]. Error => null
[2020-02-27 11:48:52,353] [main] [INFO ] App - Arrancando [Aplicación de Formación]
[2020-02-27 11:48:52,355] [main] [DEBUG] RemoteSender - Lista de commandos [PUT|1|1|438|Pantalones|1|1|500*2|3|85|Pantalones|2|5|500, PUT|2|3|85|Pantalones|2|5|500, PUT|6|4|48|Camiseta|3|3|500*7|3|56|Camisa|2|5|500*2|3|85|Camiseta|2|5|500, PUT|5|2|438|Camiseta|4|2|500]
[2020-02-27 11:48:52,355] [main] [INFO ] RemoteSender - Se envía comando [PUT|1|1|438|Pantalones|1|1|500*2|3|85|Pantalones|2|5|500]
[2020-02-27 11:48:52,363] [main] [DEBUG] RemoteSender - Articulo con id: 438, creado correctamente
[2020-02-27 11:48:52,364] [main] [ERROR] RemoteSender - Se ha producido un error al procesar la operacion PUT de articulo con id: [85]. Error => null
[2020-02-27 11:48:52,364] [main] [INFO ] RemoteSender - Se envía comando [PUT|2|3|85|Pantalones|2|5|500]
[2020-02-27 11:48:52,365] [main] [ERROR] RemoteSender - Se ha producido un error al procesar la operacion PUT de articulo con id: [85]. Error => null
[2020-02-27 11:48:52,367] [main] [INFO ] RemoteSender - Se envía comando [PUT|6|4|48|Camiseta|3|3|500*7|3|56|Camisa|2|5|500*2|3|85|Camiseta|2|5|500]
[2020-02-27 11:48:52,367] [main] [ERROR] RemoteSender - Se ha producido un error al procesar la operacion PUT de articulo con id: [48]. Error => null
[2020-02-27 11:48:52,368] [main] [ERROR] RemoteSender - Se ha producido un error al procesar la operacion PUT de articulo con id: [56]. Error => null
[2020-02-27 11:48:52,368] [main] [ERROR] RemoteSender - Se ha producido un error al procesar la operacion PUT de articulo con id: [85]. Error => null
[2020-02-27 11:48:52,368] [main] [INFO ] RemoteSender - Se envía comando [PUT|5|2|438|Camiseta|4|2|500]
[2020-02-27 11:48:52,369] [main] [ERROR] RemoteSender - Se ha producido un error al procesar la operacion PUT de articulo con id: [438]. Error => null
[2020-02-27 11:52:55,741] [main] [INFO ] App - Arrancando [Aplicación de Formación]
[2020-02-27 11:52:55,743] [main] [DEBUG] RemoteSender - Lista de commandos [PUT|1|1|438|Pantalones|1|1|500*2|3|85|Pantalones|2|5|500, PUT|2|3|85|Pantalones|2|5|500, PUT|6|4|48|Camiseta|3|3|500*7|3|56|Camisa|2|5|500*2|3|85|Camiseta|2|5|500, PUT|5|2|438|Camiseta|4|2|500]
[2020-02-27 11:52:55,744] [main] [INFO ] RemoteSender - Se envía comando [PUT|1|1|438|Pantalones|1|1|500*2|3|85|Pantalones|2|5|500]
[2020-02-27 11:52:55,749] [main] [DEBUG] RemoteSender - Articulo con id: 438, creado correctamente
[2020-02-27 11:52:55,750] [main] [ERROR] RemoteSender - Se ha producido un error al procesar la operacion PUT de articulo con id: [85]. Error => null
[2020-02-27 11:52:55,751] [main] [INFO ] RemoteSender - Se envía comando [PUT|2|3|85|Pantalones|2|5|500]
[2020-02-27 11:52:55,751] [main] [ERROR] RemoteSender - Se ha producido un error al procesar la operacion PUT de articulo con id: [85]. Error => null
[2020-02-27 11:52:55,752] [main] [INFO ] RemoteSender - Se envía comando [PUT|6|4|48|Camiseta|3|3|500*7|3|56|Camisa|2|5|500*2|3|85|Camiseta|2|5|500]
[2020-02-27 11:52:55,753] [main] [ERROR] RemoteSender - Se ha producido un error al procesar la operacion PUT de articulo con id: [48]. Error => null
[2020-02-27 11:52:55,754] [main] [ERROR] RemoteSender - Se ha producido un error al procesar la operacion PUT de articulo con id: [56]. Error => null
[2020-02-27 11:52:55,754] [main] [ERROR] RemoteSender - Se ha producido un error al procesar la operacion PUT de articulo con id: [85]. Error => null
[2020-02-27 11:52:55,755] [main] [INFO ] RemoteSender - Se envía comando [PUT|5|2|438|Camiseta|4|2|500]
[2020-02-27 11:52:55,756] [main] [ERROR] RemoteSender - Se ha producido un error al procesar la operacion PUT de articulo con id: [438]. Error => null
[2020-02-27 13:15:36,545] [main] [INFO ] App - Arrancando [Aplicación de Formación]
[2020-02-27 13:15:36,547] [main] [DEBUG] RemoteSender - Lista de commandos [PUT|1|1|438|Pantalones|1|1|500*2|3|85|Pantalones|2|5|500, PUT|2|3|85|Pantalones|2|5|500, PUT|6|4|48|Camiseta|3|3|500*7|3|56|Camisa|2|5|500*2|3|85|Camiseta|2|5|500, PUT|5|2|438|Camiseta|4|2|500]
[2020-02-27 13:15:36,547] [main] [INFO ] RemoteSender - Se envía comando [PUT|1|1|438|Pantalones|1|1|500*2|3|85|Pantalones|2|5|500]
[2020-02-27 13:15:36,554] [main] [DEBUG] RemoteSender - Articulo con id: 438, creado correctamente
[2020-02-27 13:15:36,555] [main] [DEBUG] RemoteSender - Articulo con id: 85, creado correctamente
[2020-02-27 13:15:36,555] [main] [INFO ] RemoteSender - Se envía comando [PUT|2|3|85|Pantalones|2|5|500]
[2020-02-27 13:15:36,555] [main] [DEBUG] RemoteSender - Articulo con id: 85, actualizado correctamente
[2020-02-27 13:15:36,556] [main] [INFO ] RemoteSender - Se envía comando [PUT|6|4|48|Camiseta|3|3|500*7|3|56|Camisa|2|5|500*2|3|85|Camiseta|2|5|500]
[2020-02-27 13:15:36,556] [main] [DEBUG] RemoteSender - Articulo con id: 48, creado correctamente
[2020-02-27 13:15:36,557] [main] [DEBUG] RemoteSender - Articulo con id: 56, creado correctamente
[2020-02-27 13:15:36,558] [main] [DEBUG] RemoteSender - Articulo con id: 85, actualizado correctamente
[2020-02-27 13:15:36,558] [main] [INFO ] RemoteSender - Se envía comando [PUT|5|2|438|Camiseta|4|2|500]
[2020-02-27 13:15:36,559] [main] [ERROR] RemoteSender - Se ha producido un error al insertar el COLOR: [4]. Error => null
[2020-02-27 13:17:21,539] [main] [INFO ] App - Arrancando [Aplicación de Formación]
[2020-02-27 13:17:21,541] [main] [DEBUG] RemoteSender - Lista de commandos [PUT|1|1|438|Pantalones|1|1|500*2|3|85|Pantalones|2|5|500, PUT|2|3|85|Pantalones|2|5|500, PUT|6|4|48|Camiseta|3|3|500*7|3|56|Camisa|2|5|500*2|3|85|Camiseta|2|5|500, PUT|5|2|438|Camiseta|4|2|500]
[2020-02-27 13:17:21,542] [main] [INFO ] RemoteSender - Se envía comando [PUT|1|1|438|Pantalones|1|1|500*2|3|85|Pantalones|2|5|500]
[2020-02-27 13:26:39,504] [main] [INFO ] App - Arrancando [Aplicación de Formación]
[2020-02-27 13:26:39,506] [main] [DEBUG] RemoteSender - Lista de commandos [PUT|1|1|438|Pantalones|1|1|500*2|3|85|Pantalones|2|5|500, PUT|2|3|85|Pantalones|2|5|500, PUT|6|4|48|Camiseta|3|3|500*7|3|56|Camisa|2|5|500*2|3|85|Camiseta|2|5|500, PUT|5|2|438|Camiseta|4|2|500]
[2020-02-27 13:26:39,507] [main] [INFO ] RemoteSender - Se envía comando [PUT|1|1|438|Pantalones|1|1|500*2|3|85|Pantalones|2|5|500]
[2020-02-27 13:26:39,514] [main] [DEBUG] RemoteSender - Articulo con id: 438, creado correctamente
[2020-02-27 13:26:39,516] [main] [DEBUG] RemoteSender - Articulo con id: 85, creado correctamente
[2020-02-27 13:26:39,516] [main] [INFO ] RemoteSender - Se envía comando [PUT|2|3|85|Pantalones|2|5|500]
[2020-02-27 13:26:39,516] [main] [DEBUG] RemoteSender - Articulo con id: 85, actualizado correctamente
[2020-02-27 13:26:39,517] [main] [INFO ] RemoteSender - Se envía comando [PUT|6|4|48|Camiseta|3|3|500*7|3|56|Camisa|2|5|500*2|3|85|Camiseta|2|5|500]
[2020-02-27 13:26:39,517] [main] [DEBUG] RemoteSender - Articulo con id: 48, creado correctamente
[2020-02-27 13:26:39,517] [main] [DEBUG] RemoteSender - Articulo con id: 56, creado correctamente
[2020-02-27 13:26:39,518] [main] [DEBUG] RemoteSender - Articulo con id: 85, actualizado correctamente
[2020-02-27 13:26:39,518] [main] [INFO ] RemoteSender - Se envía comando [PUT|5|2|438|Camiseta|4|2|500]
[2020-02-27 13:26:39,518] [main] [ERROR] RemoteSender - Se ha producido un error al insertar el COLOR: [4]. Error => null
[2020-02-27 13:26:51,368] [main] [INFO ] App - Arrancando [Aplicación de Formación]
[2020-02-27 13:26:51,371] [main] [DEBUG] RemoteSender - Lista de commandos [PUT|1|1|438|Pantalones|1|1|500*2|3|85|Pantalones|2|5|500, PUT|2|3|85|Pantalones|2|5|500, PUT|6|4|48|Camiseta|3|3|500*7|3|56|Camisa|2|5|500*2|3|85|Camiseta|2|5|500, PUT|5|2|438|Camiseta|4|2|500]
[2020-02-27 13:26:51,372] [main] [INFO ] RemoteSender - Se envía comando [PUT|1|1|438|Pantalones|1|1|500*2|3|85|Pantalones|2|5|500]
[2020-02-27 13:28:32,871] [main] [DEBUG] RemoteSender - Articulo con id: 438, creado correctamente
[2020-02-27 13:32:09,553] [main] [INFO ] App - Arrancando [Aplicación de Formación]
[2020-02-27 13:32:09,557] [main] [DEBUG] RemoteSender - Lista de commandos [PUT|1|1|438|Pantalones|1|1|500*2|3|85|Pantalones|2|5|500, PUT|2|3|85|Pantalones|2|5|500, PUT|6|4|48|Camiseta|3|3|500*7|3|56|Camisa|2|5|500*2|3|85|Camiseta|2|5|500, PUT|5|2|438|Camiseta|4|2|500]
[2020-02-27 13:32:09,558] [main] [INFO ] RemoteSender - Se envía comando [PUT|1|1|438|Pantalones|1|1|500*2|3|85|Pantalones|2|5|500]
[2020-02-27 13:32:56,210] [main] [DEBUG] RemoteSender - Articulo con id: 438, creado correctamente
[2020-02-27 13:34:22,548] [main] [INFO ] App - Arrancando [Aplicación de Formación]
[2020-02-27 13:34:22,555] [main] [DEBUG] RemoteSender - Lista de commandos [PUT|1|1|438|Pantalones|1|1|500*2|3|85|Pantalones|2|5|500, PUT|2|3|85|Pantalones|2|5|500, PUT|6|4|48|Camiseta|3|3|500*7|3|56|Camisa|2|5|500*2|3|85|Camiseta|2|5|500, PUT|5|2|438|Camiseta|4|2|500]
[2020-02-27 13:34:22,555] [main] [INFO ] RemoteSender - Se envía comando [PUT|1|1|438|Pantalones|1|1|500*2|3|85|Pantalones|2|5|500]
[2020-02-27 13:34:22,564] [main] [DEBUG] RemoteSender - Articulo con id: 438, creado correctamente
[2020-02-27 13:34:22,565] [main] [ERROR] RemoteSender - Se ha producido un error al insertar la TALLA: [5]. Error => null
[2020-02-27 13:34:22,566] [main] [INFO ] RemoteSender - Se envía comando [PUT|2|3|85|Pantalones|2|5|500]
[2020-02-27 13:34:22,567] [main] [ERROR] RemoteSender - Se ha producido un error al insertar la TALLA: [5]. Error => null
[2020-02-27 13:34:22,567] [main] [INFO ] RemoteSender - Se envía comando [PUT|6|4|48|Camiseta|3|3|500*7|3|56|Camisa|2|5|500*2|3|85|Camiseta|2|5|500]
[2020-02-27 13:34:22,567] [main] [ERROR] RemoteSender - Se ha producido un error al insertar el VENDEDOR: [4]. Error => null
[2020-02-27 13:34:22,567] [main] [ERROR] RemoteSender - Se ha producido un error al insertar la TALLA: [5]. Error => null
[2020-02-27 13:34:22,568] [main] [ERROR] RemoteSender - Se ha producido un error al insertar la TALLA: [5]. Error => null
[2020-02-27 13:34:22,568] [main] [INFO ] RemoteSender - Se envía comando [PUT|5|2|438|Camiseta|4|2|500]
[2020-02-27 13:34:22,568] [main] [ERROR] RemoteSender - Se ha producido un error al insertar el COLOR: [4]. Error => null
[2020-02-27 13:36:57,194] [main] [INFO ] App - Arrancando [Aplicación de Formación]
[2020-02-27 13:36:57,198] [main] [DEBUG] RemoteSender - Lista de commandos [PUT|1|1|438|Pantalones|1|1|500*2|3|85|Pantalones|2|5|500, PUT|2|3|85|Pantalones|2|5|500, PUT|6|4|48|Camiseta|3|3|500*7|3|56|Camisa|2|5|500*2|3|85|Camiseta|2|5|500, PUT|5|2|438|Camiseta|4|2|500]
[2020-02-27 13:36:57,198] [main] [INFO ] RemoteSender - Se envía comando [PUT|1|1|438|Pantalones|1|1|500*2|3|85|Pantalones|2|5|500]
[2020-02-27 13:36:57,208] [main] [DEBUG] RemoteSender - Articulo con id: 438, creado correctamente
[2020-02-27 13:36:57,209] [main] [ERROR] RemoteSender - Se ha producido un error al insertar la TALLA: [5]. Error => null
[2020-02-27 13:36:57,209] [main] [INFO ] RemoteSender - Se envía comando [PUT|2|3|85|Pantalones|2|5|500]
[2020-02-27 13:36:57,210] [main] [ERROR] RemoteSender - Se ha producido un error al insertar la TALLA: [5]. Error => null
[2020-02-27 13:36:57,210] [main] [INFO ] RemoteSender - Se envía comando [PUT|6|4|48|Camiseta|3|3|500*7|3|56|Camisa|2|5|500*2|3|85|Camiseta|2|5|500]
[2020-02-27 13:36:57,211] [main] [ERROR] RemoteSender - Se ha producido un error al insertar el VENDEDOR: [4]. Error => null
[2020-02-27 13:36:57,212] [main] [ERROR] RemoteSender - Se ha producido un error al insertar la TALLA: [5]. Error => null
[2020-02-27 13:36:57,213] [main] [ERROR] RemoteSender - Se ha producido un error al insertar la TALLA: [5]. Error => null
[2020-02-27 13:36:57,214] [main] [INFO ] RemoteSender - Se envía comando [PUT|5|2|438|Camiseta|4|2|500]
[2020-02-27 13:36:57,214] [main] [ERROR] RemoteSender - Se ha producido un error al insertar el COLOR: [4]. Error => null
[2020-02-27 13:41:59,326] [main] [INFO ] App - Arrancando [Aplicación de Formación]
[2020-02-27 13:41:59,330] [main] [DEBUG] RemoteSender - Lista de commandos [PUT|1|1|438|Pantalones|1|1|500*2|3|85|Pantalones|2|5|500, PUT|2|3|85|Pantalones|2|5|500, PUT|6|4|48|Camiseta|3|3|500*7|3|56|Camisa|2|5|500*2|3|85|Camiseta|2|5|500, PUT|5|2|438|Camiseta|4|2|500]
[2020-02-27 13:41:59,330] [main] [INFO ] RemoteSender - Se envía comando [PUT|1|1|438|Pantalones|1|1|500*2|3|85|Pantalones|2|5|500]
[2020-02-27 13:41:59,337] [main] [DEBUG] RemoteSender - Articulo con id: 438, creado correctamente
[2020-02-27 13:41:59,338] [main] [ERROR] RemoteSender - Se ha producido un error al insertar la TALLA: [5]. Error => null
[2020-02-27 13:41:59,338] [main] [INFO ] RemoteSender - Se envía comando [PUT|2|3|85|Pantalones|2|5|500]
[2020-02-27 13:41:59,339] [main] [ERROR] RemoteSender - Se ha producido un error al insertar la TALLA: [5]. Error => null
[2020-02-27 13:41:59,339] [main] [INFO ] RemoteSender - Se envía comando [PUT|6|4|48|Camiseta|3|3|500*7|3|56|Camisa|2|5|500*2|3|85|Camiseta|2|5|500]
[2020-02-27 13:41:59,340] [main] [ERROR] RemoteSender - Se ha producido un error al insertar el VENDEDOR: [4]. Error => null
[2020-02-27 13:41:59,340] [main] [ERROR] RemoteSender - Se ha producido un error al insertar la TALLA: [5]. Error => null
[2020-02-27 13:41:59,341] [main] [ERROR] RemoteSender - Se ha producido un error al insertar la TALLA: [5]. Error => null
[2020-02-27 13:41:59,341] [main] [INFO ] RemoteSender - Se envía comando [PUT|5|2|438|Camiseta|4|2|500]
[2020-02-27 13:41:59,341] [main] [ERROR] RemoteSender - Se ha producido un error al insertar el COLOR: [4]. Error => null
[2020-02-27 13:43:01,174] [main] [INFO ] App - Arrancando [Aplicación de Formación]
[2020-02-27 13:43:01,180] [main] [DEBUG] RemoteSender - Lista de commandos [PUT|1|1|438|Pantalones|1|1|500*2|3|85|Pantalones|2|5|500, PUT|2|3|85|Pantalones|2|5|500, PUT|6|4|48|Camiseta|3|3|500*7|3|56|Camisa|2|5|500*2|3|85|Camiseta|2|5|500, PUT|5|2|438|Camiseta|1|2|500]
[2020-02-27 13:43:01,180] [main] [INFO ] RemoteSender - Se envía comando [PUT|1|1|438|Pantalones|1|1|500*2|3|85|Pantalones|2|5|500]
[2020-02-27 13:43:01,196] [main] [DEBUG] RemoteSender - Articulo con id: 438, creado correctamente
[2020-02-27 13:43:01,197] [main] [ERROR] RemoteSender - Se ha producido un error al insertar la TALLA: [5]. Error => null
[2020-02-27 13:43:01,197] [main] [INFO ] RemoteSender - Se envía comando [PUT|2|3|85|Pantalones|2|5|500]
[2020-02-27 13:43:01,198] [main] [ERROR] RemoteSender - Se ha producido un error al insertar la TALLA: [5]. Error => null
[2020-02-27 13:43:01,198] [main] [INFO ] RemoteSender - Se envía comando [PUT|6|4|48|Camiseta|3|3|500*7|3|56|Camisa|2|5|500*2|3|85|Camiseta|2|5|500]
[2020-02-27 13:43:01,198] [main] [ERROR] RemoteSender - Se ha producido un error al insertar el VENDEDOR: [4]. Error => null
[2020-02-27 13:43:01,199] [main] [ERROR] RemoteSender - Se ha producido un error al insertar la TALLA: [5]. Error => null
[2020-02-27 13:43:01,199] [main] [ERROR] RemoteSender - Se ha producido un error al insertar la TALLA: [5]. Error => null
[2020-02-27 13:43:01,200] [main] [INFO ] RemoteSender - Se envía comando [PUT|5|2|438|Camiseta|1|2|500]
[2020-02-27 13:43:01,202] [main] [DEBUG] RemoteSender - Articulo con id: 438, actualizado correctamente
[2020-02-27 13:49:32,172] [main] [INFO ] App - Arrancando [Aplicación de Formación]
[2020-02-27 13:49:32,174] [main] [DEBUG] RemoteSender - Lista de commandos [PUT|1|1|438|Pantalones|1|1|500*2|3|85|Pantalones|2|5|500, PUT|2|3|85|Pantalones|2|5|500, PUT|6|4|48|Camiseta|3|3|500*7|3|56|Camisa|2|5|500*2|3|85|Camiseta|2|5|500, PUT|5|2|438|Camiseta|1|2|500]
[2020-02-27 13:49:32,175] [main] [INFO ] RemoteSender - Se envía comando [PUT|1|1|438|Pantalones|1|1|500*2|3|85|Pantalones|2|5|500]
[2020-02-27 13:49:32,191] [main] [DEBUG] RemoteSender - Articulo con id: 438, creado correctamente
[2020-02-27 13:49:32,192] [main] [ERROR] RemoteSender - Se ha producido un error al insertar la TALLA: [5]. Error => null
[2020-02-27 13:49:32,192] [main] [INFO ] RemoteSender - Se envía comando [PUT|2|3|85|Pantalones|2|5|500]
[2020-02-27 13:49:32,193] [main] [ERROR] RemoteSender - Se ha producido un error al insertar la TALLA: [5]. Error => null
[2020-02-27 13:49:32,194] [main] [INFO ] RemoteSender - Se envía comando [PUT|6|4|48|Camiseta|3|3|500*7|3|56|Camisa|2|5|500*2|3|85|Camiseta|2|5|500]
[2020-02-27 13:49:32,194] [main] [ERROR] RemoteSender - Se ha producido un error al insertar el VENDEDOR: [4]. Error => null
[2020-02-27 13:49:32,196] [main] [ERROR] RemoteSender - Se ha producido un error al insertar la TALLA: [5]. Error => null
[2020-02-27 13:49:32,197] [main] [ERROR] RemoteSender - Se ha producido un error al insertar la TALLA: [5]. Error => null
[2020-02-27 13:49:32,198] [main] [INFO ] RemoteSender - Se envía comando [PUT|5|2|438|Camiseta|1|2|500]
[2020-02-27 13:49:32,198] [main] [DEBUG] RemoteSender - Articulo con id: 438, actualizado correctamente
[2020-02-27 13:54:16,685] [main] [INFO ] App - Arrancando [Aplicación de Formación]
[2020-02-27 13:54:16,687] [main] [DEBUG] RemoteSender - Lista de commandos [PUT|1|1|438|Pantalones|1|1|500*2|3|85|Pantalones|2|5|500, PUT|2|3|85|Pantalones|2|5|500, PUT|6|4|48|Camiseta|3|3|500*7|3|56|Camisa|2|5|500*2|3|85|Camiseta|2|5|500, PUT|5|2|438|Camiseta|1|2|500]
[2020-02-27 13:54:16,688] [main] [INFO ] RemoteSender - Se envía comando [PUT|1|1|438|Pantalones|1|1|500*2|3|85|Pantalones|2|5|500]
[2020-02-27 13:54:16,696] [main] [DEBUG] RemoteSender - Articulo con id: 438, creado correctamente
[2020-02-27 13:54:16,697] [main] [ERROR] RemoteSender - Se ha producido un error al insertar la TALLA: [5]. Error => null
[2020-02-27 13:54:16,697] [main] [INFO ] RemoteSender - Se envía comando [PUT|2|3|85|Pantalones|2|5|500]
[2020-02-27 13:54:16,698] [main] [ERROR] RemoteSender - Se ha producido un error al insertar la TALLA: [5]. Error => null
[2020-02-27 13:54:16,698] [main] [INFO ] RemoteSender - Se envía comando [PUT|6|4|48|Camiseta|3|3|500*7|3|56|Camisa|2|5|500*2|3|85|Camiseta|2|5|500]
[2020-02-27 13:54:16,699] [main] [ERROR] RemoteSender - Se ha producido un error al insertar el VENDEDOR: [4]. Error => null
[2020-02-27 13:54:16,700] [main] [ERROR] RemoteSender - Se ha producido un error al insertar la TALLA: [5]. Error => null
[2020-02-27 13:54:16,700] [main] [ERROR] RemoteSender - Se ha producido un error al insertar la TALLA: [5]. Error => null
[2020-02-27 13:54:16,701] [main] [INFO ] RemoteSender - Se envía comando [PUT|5|2|438|Camiseta|1|2|500]
[2020-02-27 13:54:16,701] [main] [DEBUG] RemoteSender - Articulo con id: 438, actualizado correctamente
