[2020-03-02 09:20:23,180] [main] [INFO ] Arrancando [Aplicación de Formación]
[2020-03-02 09:20:23,189] [main] [INFO ] Se envía comando [PUT|1|1|438|Pantalones|1|1|500*2|3|85|Pantalones|2|5|500]
[2020-03-02 09:20:23,199] [main] [INFO ] Se envía comando [PUT|2|3|85|Pantalones|2|5|500]
[2020-03-02 09:20:23,200] [main] [INFO ] Se envía comando [PUT|6|4|48|Camiseta|3|3|500*7|3|56|Camisa|2|5|500*2|3|85|Camiseta|2|5|500]
[2020-03-02 09:20:23,203] [main] [INFO ] Se envía comando [PUT|5|2|438|Camiseta|1|2|500]
[2020-03-02 09:20:57,004] [main] [INFO ] Arrancando [Aplicación de Formación]
[2020-03-02 09:20:57,008] [main] [INFO ] Se envía comando [PUT|1|1|438|Pantalones|1|1|500*2|3|85|Pantalones|2|5|500]
[2020-03-02 09:20:57,019] [main] [INFO ] Se envía comando [PUT|2|3|85|Pantalones|2|5|500]
[2020-03-02 09:20:57,020] [main] [INFO ] Se envía comando [PUT|6|4|48|Camiseta|3|3|500*7|3|56|Camisa|2|5|500*2|3|85|Camiseta|2|5|500]
[2020-03-02 09:20:57,021] [main] [INFO ] Se envía comando [PUT|5|2|438|Camiseta|1|2|500]
[2020-03-02 09:22:27,360] [main] [INFO ] Arrancando [Aplicación de Formación]
[2020-03-02 09:22:27,363] [main] [INFO ] Se envía comando [PUT|1|1|438|Pantalones|1|1|500*2|3|85|Pantalones|2|5|500]
[2020-03-02 09:22:27,370] [main] [INFO ] Se envía comando [PUT|2|3|85|Pantalones|2|5|500]
[2020-03-02 09:22:27,371] [main] [INFO ] Se envía comando [PUT|6|4|48|Camiseta|3|3|500*7|3|56|Camisa|2|5|500*2|3|85|Camiseta|2|5|500]
[2020-03-02 09:22:27,373] [main] [INFO ] Se envía comando [PUT|5|2|438|Camiseta|1|2|500]
[2020-03-02 09:22:37,222] [main] [INFO ] Arrancando [Aplicación de Formación]
[2020-03-02 09:22:37,225] [main] [INFO ] Se envía comando [PUT|1|1|438|Pantalones|1|1|500*2|3|85|Pantalones|2|5|500]
[2020-03-02 09:22:37,235] [main] [INFO ] Se envía comando [PUT|2|3|85|Pantalones|2|5|500]
[2020-03-02 09:22:37,236] [main] [INFO ] Se envía comando [PUT|6|4|48|Camiseta|3|3|500*7|3|56|Camisa|2|5|500*2|3|85|Camiseta|2|5|500]
[2020-03-02 09:22:37,238] [main] [INFO ] Se envía comando [PUT|5|2|438|Camiseta|1|2|500]
[2020-03-02 09:27:02,898] [main] [INFO ] Arrancando [Aplicación de Formación]
[2020-03-02 09:27:02,901] [main] [INFO ] Se envía comando [PUT|1|1|438|Pantalones|1|1|500*2|3|85|Pantalones|2|5|500]
[2020-03-02 09:27:02,909] [main] [INFO ] Se envía comando [PUT|2|3|85|Pantalones|2|5|500]
[2020-03-02 09:27:02,910] [main] [INFO ] Se envía comando [PUT|6|4|48|Camiseta|3|3|500*7|3|56|Camisa|2|5|500*2|3|85|Camiseta|2|5|500]
[2020-03-02 09:27:02,911] [main] [INFO ] Se envía comando [PUT|5|2|438|Camiseta|1|2|500]
[2020-03-02 09:28:31,899] [main] [INFO ] Arrancando [Aplicación de Formación]
[2020-03-02 09:28:31,902] [main] [INFO ] Se envía comando [PUT|1|1|438|Pantalones|1|1|500*2|3|85|Pantalones|2|5|500]
[2020-03-02 09:28:31,910] [main] [INFO ] Se envía comando [PUT|2|3|85|Pantalones|2|5|500]
[2020-03-02 09:28:31,911] [main] [INFO ] Se envía comando [PUT|6|4|48|Camiseta|3|3|500*7|3|56|Camisa|2|5|500*2|3|85|Camiseta|2|5|500]
[2020-03-02 09:28:31,912] [main] [INFO ] Se envía comando [PUT|5|2|438|Camiseta|1|2|500]
[2020-03-02 09:29:50,580] [main] [INFO ] Arrancando [Aplicación de Formación]
[2020-03-02 09:29:50,583] [main] [INFO ] Se envía comando [PUT|1|1|438|Pantalones|1|1|500*2|3|85|Pantalones|2|5|500]
[2020-03-02 09:29:50,591] [main] [INFO ] Se envía comando [PUT|2|3|85|Pantalones|2|5|500]
[2020-03-02 09:29:50,592] [main] [INFO ] Se envía comando [PUT|6|4|48|Camiseta|3|3|500*7|3|56|Camisa|2|5|500*2|3|85|Camiseta|2|5|500]
[2020-03-02 09:29:50,593] [main] [INFO ] Se envía comando [PUT|5|2|438|Camiseta|1|2|500]
